<?xml version="1.0" encoding="UTF-8"?>
<!-- Generated by org.testng.reporters.JUnitXMLReporter -->
<testsuite ignored="0" hostname="DESKTOP-48VL68K" failures="2" tests="21" name="Test" time="248.542" errors="0" timestamp="2025-02-04T16:44:57 IST">
  <testcase classname="testcases.CheckoutPageTest" name="enterYourInformationToContinueTest" time="1.475"/>
  <testcase classname="testcases.CheckoutPageTest" name="verifyCancleBtnFunctionalityTest" time="0.191"/>
  <testcase classname="testcases.CheckoutPageTest" name="verifyCancleBtnTxtTest" time="0.076"/>
  <testcase classname="testcases.CheckoutPageTest" name="verifyCheckoutYourInformationTxtTest" time="0.114"/>
  <testcase classname="testcases.CheckoutPageTest" name="verifyContinueBtnTxtTest" time="0.076">
    <failure type="java.lang.AssertionError" message="expected [] but found [Continue]">
      <![CDATA[java.lang.AssertionError: expected [] but found [Continue]
at testcases.CheckoutPageTest.verifyContinueBtnTxtTest(CheckoutPageTest.java:71)
at java.base/java.util.ArrayList.forEach(ArrayList.java:1511)
... Removed 33 stack frames]]>
    </failure>
  </testcase> <!-- verifyContinueBtnTxtTest -->
  <testcase classname="testcases.CheckoutPageTest" name="verifyErrorMsgForFirstNameTest" time="0.44"/>
  <testcase classname="testcases.CheckoutPageTest" name="verifyErrorMsgForLastNameTest" time="0.607"/>
  <testcase classname="testcases.CheckoutPageTest" name="verifyErrorMsgForPostalCodeTest" time="0.425"/>
  <testcase classname="testcases.CheckoutPageTest" name="ververifyCancleBtnTest" time="0.04"/>
  <testcase classname="testcases.CheckoutPageTest" name="ververifyContinueBtnTest" time="0.107"/>
  <testcase classname="testcases.InventoryPageTest" name="add6ProductsTest" time="7.234"/>
  <testcase classname="testcases.InventoryPageTest" name="remove2ProductsTest" time="9.358"/>
  <testcase classname="testcases.InventoryPageTest" name="verfySwagLabTxtTest" time="0.112">
    <failure type="java.lang.AssertionError" message="expected [Swag Labs] but found [Swag Labs1]">
      <![CDATA[java.lang.AssertionError: expected [Swag Labs] but found [Swag Labs1]
at testcases.InventoryPageTest.verfySwagLabTxtTest(InventoryPageTest.java:74)
at java.base/java.util.ArrayList.forEach(ArrayList.java:1511)
... Removed 33 stack frames]]>
    </failure>
  </testcase> <!-- verfySwagLabTxtTest -->
  <testcase classname="testcases.InventoryPageTest" name="verifyDropDownItemAToZTest" time="0.307"/>
  <testcase classname="testcases.InventoryPageTest" name="verifyFacebookLogoTest" time="0.172"/>
  <testcase classname="testcases.InventoryPageTest" name="verifyFooterTxtTest" time="0.094"/>
  <testcase classname="testcases.InventoryPageTest" name="verifyLinkedInLogoTest" time="0.113"/>
  <testcase classname="testcases.InventoryPageTest" name="verifyProductsTxtTest" time="0.046"/>
  <testcase classname="testcases.InventoryPageTest" name="verifyShoppingCartLogoTest" time="0.117"/>
  <testcase classname="testcases.InventoryPageTest" name="verifyShppingCartFunctionalityTest" time="1.228"/>
  <testcase classname="testcases.InventoryPageTest" name="verifyTwitterLogoTest" time="0.112"/>
</testsuite> <!-- Test -->
